[debug] [2023-03-22T06:30:43.596Z] ----------------------------------------------------------------------
[debug] [2023-03-22T06:30:43.598Z] Command:       C:\Program Files\nodejs\node.exe C:\Users\muzza\AppData\Roaming\npm\node_modules\firebase-tools\lib\bin\firebase.js init
[debug] [2023-03-22T06:30:43.598Z] CLI Version:   10.6.0
[debug] [2023-03-22T06:30:43.599Z] Platform:      win32
[debug] [2023-03-22T06:30:43.599Z] Node Version:  v14.17.1
[debug] [2023-03-22T06:30:43.599Z] Time:          Wed Mar 22 2023 12:00:43 GMT+0530 (India Standard Time)
[debug] [2023-03-22T06:30:43.600Z] ----------------------------------------------------------------------
[debug] 
[debug] [2023-03-22T06:30:43.609Z] > command requires scopes: ["email","openid","https://www.googleapis.com/auth/cloudplatformprojects.readonly","https://www.googleapis.com/auth/firebase","https://www.googleapis.com/auth/cloud-platform"]
[debug] [2023-03-22T06:30:43.609Z] > authorizing via signed-in user (muzzamilshaikh40@gmail.com)
[info] 
     ######## #### ########  ######## ########     ###     ######  ########
     ##        ##  ##     ## ##       ##     ##  ##   ##  ##       ##
     ######    ##  ########  ######   ########  #########  ######  ######
     ##        ##  ##    ##  ##       ##     ## ##     ##       ## ##
     ##       #### ##     ## ######## ########  ##     ##  ######  ########

You're about to initialize a Firebase project in this directory:

  D:\dev\deployment

[info] 
=== Project Setup
[info] 
[info] First, let's associate this project directory with a Firebase project.
[info] You can create multiple project aliases by running firebase use --add, 
[info] but for now we'll just set up a default project.
[info] 
[debug] [2023-03-22T06:31:14.095Z] > refreshing access token with scopes: []
[debug] [2023-03-22T06:31:14.096Z] >>> HTTP REQUEST POST https://www.googleapis.com/oauth2/v3/token  
 <request body omitted>
[debug] [2023-03-22T06:31:14.288Z] <<< HTTP RESPONSE 400 {"date":"Wed, 22 Mar 2023 06:31:14 GMT","expires":"Mon, 01 Jan 1990 00:00:00 GMT","cache-control":"no-cache, no-store, max-age=0, must-revalidate","pragma":"no-cache","content-type":"application/json; charset=utf-8","vary":"X-Origin, Referer, Origin,Accept-Encoding","server":"scaffolding on HTTPServer2","x-xss-protection":"0","x-frame-options":"SAMEORIGIN","x-content-type-options":"nosniff","alt-svc":"h3=\":443\"; ma=2592000,h3-29=\":443\"; ma=2592000","accept-ranges":"none","transfer-encoding":"chunked"}
[debug] [2023-03-22T06:31:14.291Z] >>> [apiv2][query] GET https://firebase.googleapis.com/v1beta1/projects pageSize=100
[debug] [2023-03-22T06:31:14.608Z] <<< [apiv2][status] GET https://firebase.googleapis.com/v1beta1/projects 401
[debug] [2023-03-22T06:31:14.608Z] <<< [apiv2][body] GET https://firebase.googleapis.com/v1beta1/projects [omitted]
[debug] [2023-03-22T06:31:14.609Z] HTTP Error: 401, Request had invalid authentication credentials. Expected OAuth 2 access token, login cookie or other valid authentication credential. See https://developers.google.com/identity/sign-in/web/devconsole-project.
[debug] [2023-03-22T06:31:14.752Z] FirebaseError: HTTP Error: 401, Request had invalid authentication credentials. Expected OAuth 2 access token, login cookie or other valid authentication credential. See https://developers.google.com/identity/sign-in/web/devconsole-project.
    at module.exports (C:\Users\muzza\AppData\Roaming\npm\node_modules\firebase-tools\lib\responseToError.js:47:12)
    at RetryOperation._fn (C:\Users\muzza\AppData\Roaming\npm\node_modules\firebase-tools\lib\apiv2.js:286:39)
    at processTicksAndRejections (internal/process/task_queues.js:95:5)
[error] 
[error] Error: Failed to list Firebase projects. See firebase-debug.log for more info.
[debug] [2023-03-22T06:40:26.266Z] ----------------------------------------------------------------------
[debug] [2023-03-22T06:40:26.268Z] Command:       C:\Program Files\nodejs\node.exe C:\Users\muzza\AppData\Roaming\npm\node_modules\firebase-tools\lib\bin\firebase.js init
[debug] [2023-03-22T06:40:26.268Z] CLI Version:   11.25.1
[debug] [2023-03-22T06:40:26.268Z] Platform:      win32
[debug] [2023-03-22T06:40:26.269Z] Node Version:  v18.15.0
[debug] [2023-03-22T06:40:26.270Z] Time:          Wed Mar 22 2023 12:10:26 GMT+0530 (India Standard Time)
[debug] [2023-03-22T06:40:26.270Z] ----------------------------------------------------------------------
[debug] 
[debug] [2023-03-22T06:40:26.278Z] > command requires scopes: ["email","openid","https://www.googleapis.com/auth/cloudplatformprojects.readonly","https://www.googleapis.com/auth/firebase","https://www.googleapis.com/auth/cloud-platform"]
[debug] [2023-03-22T06:40:26.279Z] > authorizing via signed-in user (muzzamilshaikh40@gmail.com)
[info] 
     ######## #### ########  ######## ########     ###     ######  ########
     ##        ##  ##     ## ##       ##     ##  ##   ##  ##       ##
     ######    ##  ########  ######   ########  #########  ######  ######
     ##        ##  ##    ##  ##       ##     ## ##     ##       ## ##
     ##       #### ##     ## ######## ########  ##     ##  ######  ########

You're about to initialize a Firebase project in this directory:

  D:\dev\deployment

[info] 
=== Project Setup
[info] 
[info] First, let's associate this project directory with a Firebase project.
[info] You can create multiple project aliases by running firebase use --add, 
[info] but for now we'll just set up a default project.
[info] 
[debug] [2023-03-22T06:40:35.770Z] > refreshing access token with scopes: []
[debug] [2023-03-22T06:40:35.772Z] >>> [apiv2][query] POST https://www.googleapis.com/oauth2/v3/token [none]
[debug] [2023-03-22T06:40:35.773Z] >>> [apiv2][body] POST https://www.googleapis.com/oauth2/v3/token [omitted]
[debug] [2023-03-22T06:40:36.040Z] <<< [apiv2][status] POST https://www.googleapis.com/oauth2/v3/token 400
[debug] [2023-03-22T06:40:36.041Z] <<< [apiv2][body] POST https://www.googleapis.com/oauth2/v3/token [omitted]
[debug] [2023-03-22T06:40:36.042Z] >>> [apiv2][query] GET https://firebase.googleapis.com/v1beta1/projects pageSize=100
[debug] [2023-03-22T06:40:36.281Z] <<< [apiv2][status] GET https://firebase.googleapis.com/v1beta1/projects 401
[debug] [2023-03-22T06:40:36.282Z] <<< [apiv2][body] GET https://firebase.googleapis.com/v1beta1/projects [omitted]
[debug] [2023-03-22T06:40:36.284Z] HTTP Error: 401, Request had invalid authentication credentials. Expected OAuth 2 access token, login cookie or other valid authentication credential. See https://developers.google.com/identity/sign-in/web/devconsole-project.
[debug] [2023-03-22T06:40:36.486Z] FirebaseError: HTTP Error: 401, Request had invalid authentication credentials. Expected OAuth 2 access token, login cookie or other valid authentication credential. See https://developers.google.com/identity/sign-in/web/devconsole-project.
    at responseToError (C:\Users\muzza\AppData\Roaming\npm\node_modules\firebase-tools\lib\responseToError.js:49:12)
    at RetryOperation._fn (C:\Users\muzza\AppData\Roaming\npm\node_modules\firebase-tools\lib\apiv2.js:288:77)
    at process.processTicksAndRejections (node:internal/process/task_queues:95:5)
[error] 
[error] Error: Failed to list Firebase projects. See firebase-debug.log for more info.
[debug] [2023-03-22T06:41:05.047Z] ----------------------------------------------------------------------
[debug] [2023-03-22T06:41:05.050Z] Command:       C:\Program Files\nodejs\node.exe C:\Users\muzza\AppData\Roaming\npm\node_modules\firebase-tools\lib\bin\firebase.js init
[debug] [2023-03-22T06:41:05.051Z] CLI Version:   11.25.1
[debug] [2023-03-22T06:41:05.051Z] Platform:      win32
[debug] [2023-03-22T06:41:05.051Z] Node Version:  v18.15.0
[debug] [2023-03-22T06:41:05.053Z] Time:          Wed Mar 22 2023 12:11:05 GMT+0530 (India Standard Time)
[debug] [2023-03-22T06:41:05.053Z] ----------------------------------------------------------------------
[debug] 
[debug] [2023-03-22T06:41:05.061Z] > command requires scopes: ["email","openid","https://www.googleapis.com/auth/cloudplatformprojects.readonly","https://www.googleapis.com/auth/firebase","https://www.googleapis.com/auth/cloud-platform"]
[debug] [2023-03-22T06:41:05.062Z] > authorizing via signed-in user (muzzamilshaikh40@gmail.com)
[info] 
     ######## #### ########  ######## ########     ###     ######  ########
     ##        ##  ##     ## ##       ##     ##  ##   ##  ##       ##
     ######    ##  ########  ######   ########  #########  ######  ######
     ##        ##  ##    ##  ##       ##     ## ##     ##       ## ##
     ##       #### ##     ## ######## ########  ##     ##  ######  ########

You're about to initialize a Firebase project in this directory:

  D:\dev\deployment

[info] 
=== Project Setup
[info] 
[info] First, let's associate this project directory with a Firebase project.
[info] You can create multiple project aliases by running firebase use --add, 
[info] but for now we'll just set up a default project.
[info] 
